<?xml version="1.0" encoding="UTF-8"?>
<!-- Generated by org.testng.reporters.JUnitReportReporter -->
<testsuite skipped="0" hostname="DESKTOP-F2OPDFF" name="Qaclickacademy.AppiumTest" tests="2" failures="0" timestamp="2020-01-07T16:20:47 IST" time="0.011" errors="0">
  <testcase name="NativeAppAndroid" time="0.001" classname="Qaclickacademy.AppiumTest"/>
  <testcase name="IOSApps" time="0.010" classname="Qaclickacademy.AppiumTest"/>
</testsuite> <!-- Qaclickacademy.AppiumTest -->
