<?xml version="1.0" encoding="UTF-8"?>
<!-- Generated by org.testng.reporters.JUnitReportReporter -->
<testsuite skipped="0" hostname="DESKTOP-F2OPDFF" name="Qaclickacademy.AppiumTest" tests="2" failures="0" timestamp="07 Jan 2020 14:57:50 GMT" time="0.000" errors="0">
  <testcase name="NativeAppAndroid" time="0.000" classname="Qaclickacademy.AppiumTest"/>
  <testcase name="IOSApps" time="0.000" classname="Qaclickacademy.AppiumTest"/>
</testsuite> <!-- Qaclickacademy.AppiumTest -->
