<?xml version="1.0" encoding="UTF-8"?>
<!-- Generated by org.testng.reporters.JUnitReportReporter -->
<testsuite skipped="0" hostname="DESKTOP-F2OPDFF" name="Qaclickacademy.RESTAPITest" tests="2" failures="0" timestamp="07 Jan 2020 14:57:57 GMT" time="0.001" errors="0">
  <testcase name="deleteTwitter" time="0.001" classname="Qaclickacademy.RESTAPITest"/>
  <testcase name="postJira" time="0.000" classname="Qaclickacademy.RESTAPITest"/>
</testsuite> <!-- Qaclickacademy.RESTAPITest -->
