<?xml version="1.0" encoding="UTF-8"?>
<!-- Generated by org.testng.reporters.JUnitReportReporter -->
<testsuite skipped="0" hostname="DESKTOP-F2OPDFF" name="Qaclickacademy.SeleniumTest" tests="2" failures="0" timestamp="07 Jan 2020 14:57:57 GMT" time="0.008" errors="0">
  <testcase name="elementUI" time="0.000" classname="Qaclickacademy.SeleniumTest"/>
  <testcase name="BrowserAutomation" time="0.008" classname="Qaclickacademy.SeleniumTest"/>
</testsuite> <!-- Qaclickacademy.SeleniumTest -->
